Release 14.7 - xst P.20131013 (nt64)
Copyright (c) 1995-2013 Xilinx, Inc.  All rights reserved.
--> Parameter TMPDIR set to xst/projnav.tmp


Total REAL time to Xst completion: 1.00 secs
Total CPU time to Xst completion: 0.13 secs
 
--> Parameter xsthdpdir set to xst


Total REAL time to Xst completion: 1.00 secs
Total CPU time to Xst completion: 0.13 secs
 
--> Reading design: adder_sub.prj

TABLE OF CONTENTS
  1) Synthesis Options Summary
  2) HDL Compilation
  3) Design Hierarchy Analysis
  4) HDL Analysis
  5) HDL Synthesis
     5.1) HDL Synthesis Report
  6) Advanced HDL Synthesis
     6.1) Advanced HDL Synthesis Report
  7) Low Level Synthesis
  8) Partition Report
  9) Final Report
	9.1) Device utilization summary
	9.2) Partition Resource Summary
	9.3) TIMING REPORT


=========================================================================
*                      Synthesis Options Summary                        *
=========================================================================
---- Source Parameters
Input File Name                    : "adder_sub.prj"
Input Format                       : mixed
Ignore Synthesis Constraint File   : NO

---- Target Parameters
Output File Name                   : "adder_sub"
Output Format                      : NGC
Target Device                      : xc3s200-5-pq208

---- Source Options
Top Module Name                    : adder_sub
Automatic FSM Extraction           : YES
FSM Encoding Algorithm             : Auto
Safe Implementation                : No
FSM Style                          : LUT
RAM Extraction                     : Yes
RAM Style                          : Auto
ROM Extraction                     : Yes
Mux Style                          : Auto
Decoder Extraction                 : YES
Priority Encoder Extraction        : Yes
Shift Register Extraction          : YES
Logical Shifter Extraction         : YES
XOR Collapsing                     : YES
ROM Style                          : Auto
Mux Extraction                     : Yes
Resource Sharing                   : YES
Asynchronous To Synchronous        : NO
Multiplier Style                   : Auto
Automatic Register Balancing       : No

---- Target Options
Add IO Buffers                     : YES
Global Maximum Fanout              : 100000
Add Generic Clock Buffer(BUFG)     : 8
Register Duplication               : YES
Slice Packing                      : YES
Optimize Instantiated Primitives   : NO
Use Clock Enable                   : Yes
Use Synchronous Set                : Yes
Use Synchronous Reset              : Yes
Pack IO Registers into IOBs        : Auto
Equivalent register Removal        : YES

---- General Options
Optimization Goal                  : Speed
Optimization Effort                : 1
Keep Hierarchy                     : No
Netlist Hierarchy                  : As_Optimized
RTL Output                         : Yes
Global Optimization                : AllClockNets
Read Cores                         : YES
Write Timing Constraints           : NO
Cross Clock Analysis               : NO
Hierarchy Separator                : /
Bus Delimiter                      : <>
Case Specifier                     : Maintain
Slice Utilization Ratio            : 100
BRAM Utilization Ratio             : 100
Verilog 2001                       : YES
Auto BRAM Packing                  : NO
Slice Utilization Ratio Delta      : 5

=========================================================================


=========================================================================
*                          HDL Compilation                              *
=========================================================================
Compiling verilog file "adder_sub.v" in library work
Module <adder_sub> compiled
No errors in compilation
Analysis of file <"adder_sub.prj"> succeeded.
 

=========================================================================
*                     Design Hierarchy Analysis                         *
=========================================================================
Analyzing hierarchy for module <adder_sub> in library <work>.


=========================================================================
*                            HDL Analysis                               *
=========================================================================
Analyzing top module <adder_sub>.
Module <adder_sub> is correct for synthesis.
 

=========================================================================
*                           HDL Synthesis                               *
=========================================================================

Performing bidirectional port resolution...

Synthesizing Unit <adder_sub>.
    Related source file is "adder_sub.v".
    Found 9-bit subtractor for signal <Ans$addsub0001> created at line 33.
    Found 8-bit adder carry out for signal <Ans$addsub0002> created at line 31.
    Summary:
	inferred   2 Adder/Subtractor(s).
Unit <adder_sub> synthesized.


=========================================================================
HDL Synthesis Report

Macro Statistics
# Adders/Subtractors                                   : 2
 8-bit adder carry out                                 : 1
 9-bit subtractor                                      : 1

=========================================================================

=========================================================================
*                       Advanced HDL Synthesis                          *
=========================================================================


=========================================================================
Advanced HDL Synthesis Report

Macro Statistics
# Adders/Subtractors                                   : 2
 8-bit adder carry out                                 : 1
 9-bit subtractor                                      : 1

=========================================================================

=========================================================================
*                         Low Level Synthesis                           *
=========================================================================

Optimizing unit <adder_sub> ...

Mapping all equations...
Building and optimizing final netlist ...
Found area constraint ratio of 100 (+ 5) on block adder_sub, actual ratio is 0.

Final Macro Processing ...

=========================================================================
Final Register Report

Found no macro
=========================================================================

=========================================================================
*                           Partition Report                            *
=========================================================================

Partition Implementation Status
-------------------------------

  No Partitions were found in this design.

-------------------------------

=========================================================================
*                            Final Report                               *
=========================================================================
Final Results
RTL Top Level Output File Name     : adder_sub.ngr
Top Level Output File Name         : adder_sub
Output Format                      : NGC
Optimization Goal                  : Speed
Keep Hierarchy                     : No

Design Statistics
# IOs                              : 26

Cell Usage :
# BELS                             : 60
#      GND                         : 1
#      LUT2                        : 16
#      LUT3                        : 9
#      MUXCY                       : 16
#      VCC                         : 1
#      XORCY                       : 17
# IO Buffers                       : 26
#      IBUF                        : 17
#      OBUF                        : 9
=========================================================================

Device utilization summary:
---------------------------

Selected Device : 3s200pq208-5 

 Number of Slices:                       14  out of   1920     0%  
 Number of 4 input LUTs:                 25  out of   3840     0%  
 Number of IOs:                          26
 Number of bonded IOBs:                  26  out of    141    18%  

---------------------------
Partition Resource Summary:
---------------------------

  No Partitions were found in this design.

---------------------------


=========================================================================
TIMING REPORT

NOTE: THESE TIMING NUMBERS ARE ONLY A SYNTHESIS ESTIMATE.
      FOR ACCURATE TIMING INFORMATION PLEASE REFER TO THE TRACE REPORT
      GENERATED AFTER PLACE-and-ROUTE.

Clock Information:
------------------
No clock signals found in this design

Asynchronous Control Signals Information:
----------------------------------------
No asynchronous control signals found in this design

Timing Summary:
---------------
Speed Grade: -5

   Minimum period: No path found
   Minimum input arrival time before clock: No path found
   Maximum output required time after clock: No path found
   Maximum combinational path delay: 10.764ns

Timing Detail:
--------------
All values displayed in nanoseconds (ns)

=========================================================================
Timing constraint: Default path analysis
  Total number of paths / destination ports: 257 / 9
-------------------------------------------------------------------------
Delay:               10.764ns (Levels of Logic = 13)
  Source:            A<0> (PAD)
  Destination:       COB (PAD)

  Data Path: A<0> to COB
                                Gate     Net
    Cell:in->out      fanout   Delay   Delay  Logical Name (Net Name)
    ----------------------------------------  ------------
     IBUF:I->O             2   0.715   1.040  A_0_IBUF (A_0_IBUF)
     LUT2:I0->O            1   0.479   0.000  Msub_Ans_addsub0001_lut<0> (Msub_Ans_addsub0001_lut<0>)
     MUXCY:S->O            1   0.435   0.000  Msub_Ans_addsub0001_cy<0> (Msub_Ans_addsub0001_cy<0>)
     MUXCY:CI->O           1   0.056   0.000  Msub_Ans_addsub0001_cy<1> (Msub_Ans_addsub0001_cy<1>)
     MUXCY:CI->O           1   0.056   0.000  Msub_Ans_addsub0001_cy<2> (Msub_Ans_addsub0001_cy<2>)
     MUXCY:CI->O           1   0.056   0.000  Msub_Ans_addsub0001_cy<3> (Msub_Ans_addsub0001_cy<3>)
     MUXCY:CI->O           1   0.056   0.000  Msub_Ans_addsub0001_cy<4> (Msub_Ans_addsub0001_cy<4>)
     MUXCY:CI->O           1   0.056   0.000  Msub_Ans_addsub0001_cy<5> (Msub_Ans_addsub0001_cy<5>)
     MUXCY:CI->O           1   0.056   0.000  Msub_Ans_addsub0001_cy<6> (Msub_Ans_addsub0001_cy<6>)
     MUXCY:CI->O           0   0.056   0.000  Msub_Ans_addsub0001_cy<7> (Msub_Ans_addsub0001_cy<7>)
     XORCY:CI->O           1   0.786   0.851  Msub_Ans_addsub0001_xor<8> (Ans_addsub0001<8>)
     LUT3:I1->O            1   0.479   0.681  Ans<8>1 (COB_OBUF)
     OBUF:I->O                 4.909          COB_OBUF (COB)
    ----------------------------------------
    Total                     10.764ns (8.192ns logic, 2.572ns route)
                                       (76.1% logic, 23.9% route)

=========================================================================


Total REAL time to Xst completion: 5.00 secs
Total CPU time to Xst completion: 4.83 secs
 
--> 

Total memory usage is 290096 kilobytes

Number of errors   :    0 (   0 filtered)
Number of warnings :    0 (   0 filtered)
Number of infos    :    0 (   0 filtered)

