Release 14.7 - xst P.20131013 (nt64)
Copyright (c) 1995-2013 Xilinx, Inc.  All rights reserved.
--> Parameter TMPDIR set to xst/projnav.tmp


Total REAL time to Xst completion: 0.00 secs
Total CPU time to Xst completion: 0.11 secs
 
--> Parameter xsthdpdir set to xst


Total REAL time to Xst completion: 0.00 secs
Total CPU time to Xst completion: 0.11 secs
 
--> Reading design: DeMUX4_1.prj

TABLE OF CONTENTS
  1) Synthesis Options Summary
  2) HDL Compilation
  3) Design Hierarchy Analysis
  4) HDL Analysis
  5) HDL Synthesis
     5.1) HDL Synthesis Report
  6) Advanced HDL Synthesis
     6.1) Advanced HDL Synthesis Report
  7) Low Level Synthesis
  8) Partition Report
  9) Final Report
	9.1) Device utilization summary
	9.2) Partition Resource Summary
	9.3) TIMING REPORT


=========================================================================
*                      Synthesis Options Summary                        *
=========================================================================
---- Source Parameters
Input File Name                    : "DeMUX4_1.prj"
Input Format                       : mixed
Ignore Synthesis Constraint File   : NO

---- Target Parameters
Output File Name                   : "DeMUX4_1"
Output Format                      : NGC
Target Device                      : xc3s200-5-pq208

---- Source Options
Top Module Name                    : DeMUX4_1
Automatic FSM Extraction           : YES
FSM Encoding Algorithm             : Auto
Safe Implementation                : No
FSM Style                          : LUT
RAM Extraction                     : Yes
RAM Style                          : Auto
ROM Extraction                     : Yes
Mux Style                          : Auto
Decoder Extraction                 : YES
Priority Encoder Extraction        : Yes
Shift Register Extraction          : YES
Logical Shifter Extraction         : YES
XOR Collapsing                     : YES
ROM Style                          : Auto
Mux Extraction                     : Yes
Resource Sharing                   : YES
Asynchronous To Synchronous        : NO
Multiplier Style                   : Auto
Automatic Register Balancing       : No

---- Target Options
Add IO Buffers                     : YES
Global Maximum Fanout              : 100000
Add Generic Clock Buffer(BUFG)     : 8
Register Duplication               : YES
Slice Packing                      : YES
Optimize Instantiated Primitives   : NO
Use Clock Enable                   : Yes
Use Synchronous Set                : Yes
Use Synchronous Reset              : Yes
Pack IO Registers into IOBs        : Auto
Equivalent register Removal        : YES

---- General Options
Optimization Goal                  : Speed
Optimization Effort                : 1
Keep Hierarchy                     : No
Netlist Hierarchy                  : As_Optimized
RTL Output                         : Yes
Global Optimization                : AllClockNets
Read Cores                         : YES
Write Timing Constraints           : NO
Cross Clock Analysis               : NO
Hierarchy Separator                : /
Bus Delimiter                      : <>
Case Specifier                     : Maintain
Slice Utilization Ratio            : 100
BRAM Utilization Ratio             : 100
Verilog 2001                       : YES
Auto BRAM Packing                  : NO
Slice Utilization Ratio Delta      : 5

=========================================================================


=========================================================================
*                          HDL Compilation                              *
=========================================================================
Compiling verilog file "DeMUX4-1.v" in library work
Module <DeMUX4_1> compiled
No errors in compilation
Analysis of file <"DeMUX4_1.prj"> succeeded.
 

=========================================================================
*                     Design Hierarchy Analysis                         *
=========================================================================
Analyzing hierarchy for module <DeMUX4_1> in library <work>.


=========================================================================
*                            HDL Analysis                               *
=========================================================================
Analyzing top module <DeMUX4_1>.
Module <DeMUX4_1> is correct for synthesis.
 

=========================================================================
*                           HDL Synthesis                               *
=========================================================================

Performing bidirectional port resolution...

Synthesizing Unit <DeMUX4_1>.
    Related source file is "DeMUX4-1.v".
WARNING:Xst:737 - Found 8-bit latch for signal <Out1>. Latches may be generated from incomplete case or if statements. We do not recommend the use of latches in FPGA/CPLD designs, as they may lead to timing problems.
WARNING:Xst:737 - Found 8-bit latch for signal <Out2>. Latches may be generated from incomplete case or if statements. We do not recommend the use of latches in FPGA/CPLD designs, as they may lead to timing problems.
WARNING:Xst:737 - Found 8-bit latch for signal <Out3>. Latches may be generated from incomplete case or if statements. We do not recommend the use of latches in FPGA/CPLD designs, as they may lead to timing problems.
WARNING:Xst:737 - Found 8-bit latch for signal <Out4>. Latches may be generated from incomplete case or if statements. We do not recommend the use of latches in FPGA/CPLD designs, as they may lead to timing problems.
Unit <DeMUX4_1> synthesized.


=========================================================================
HDL Synthesis Report

Macro Statistics
# Latches                                              : 4
 8-bit latch                                           : 4

=========================================================================

=========================================================================
*                       Advanced HDL Synthesis                          *
=========================================================================


=========================================================================
Advanced HDL Synthesis Report

Macro Statistics
# Latches                                              : 4
 8-bit latch                                           : 4

=========================================================================

=========================================================================
*                         Low Level Synthesis                           *
=========================================================================

Optimizing unit <DeMUX4_1> ...

Mapping all equations...
Building and optimizing final netlist ...
Found area constraint ratio of 100 (+ 5) on block DeMUX4_1, actual ratio is 0.

Final Macro Processing ...

=========================================================================
Final Register Report

Found no macro
=========================================================================

=========================================================================
*                           Partition Report                            *
=========================================================================

Partition Implementation Status
-------------------------------

  No Partitions were found in this design.

-------------------------------

=========================================================================
*                            Final Report                               *
=========================================================================
Final Results
RTL Top Level Output File Name     : DeMUX4_1.ngr
Top Level Output File Name         : DeMUX4_1
Output Format                      : NGC
Optimization Goal                  : Speed
Keep Hierarchy                     : No

Design Statistics
# IOs                              : 42

Cell Usage :
# BELS                             : 4
#      LUT2                        : 4
# FlipFlops/Latches                : 32
#      LD                          : 32
# IO Buffers                       : 42
#      IBUF                        : 10
#      OBUF                        : 32
=========================================================================

Device utilization summary:
---------------------------

Selected Device : 3s200pq208-5 

 Number of Slices:                        2  out of   1920     0%  
 Number of 4 input LUTs:                  4  out of   3840     0%  
 Number of IOs:                          42
 Number of bonded IOBs:                  42  out of    141    29%  
    IOB Flip Flops:                      32

---------------------------
Partition Resource Summary:
---------------------------

  No Partitions were found in this design.

---------------------------


=========================================================================
TIMING REPORT

NOTE: THESE TIMING NUMBERS ARE ONLY A SYNTHESIS ESTIMATE.
      FOR ACCURATE TIMING INFORMATION PLEASE REFER TO THE TRACE REPORT
      GENERATED AFTER PLACE-and-ROUTE.

Clock Information:
------------------
-----------------------------------+------------------------+-------+
Clock Signal                       | Clock buffer(FF name)  | Load  |
-----------------------------------+------------------------+-------+
Out4_cmp_eq0000(Out4_cmp_eq00001:O)| NONE(*)(Out4_0)        | 8     |
Out3_cmp_eq0000(Out3_cmp_eq00001:O)| NONE(*)(Out3_0)        | 8     |
Out2_cmp_eq0000(Out2_cmp_eq00001:O)| NONE(*)(Out2_0)        | 8     |
Out1_not0001(Out1_not00011:O)      | NONE(*)(Out1_0)        | 8     |
-----------------------------------+------------------------+-------+
(*) These 4 clock signal(s) are generated by combinatorial logic,
and XST is not able to identify which are the primary clock signals.
Please use the CLOCK_SIGNAL constraint to specify the clock signal(s) generated by combinatorial logic.
INFO:Xst:2169 - HDL ADVISOR - Some clock signals were not automatically buffered by XST with BUFG/BUFR resources. Please use the buffer_type constraint in order to insert these buffers to the clock signals to help prevent skew problems.

Asynchronous Control Signals Information:
----------------------------------------
No asynchronous control signals found in this design

Timing Summary:
---------------
Speed Grade: -5

   Minimum period: No path found
   Minimum input arrival time before clock: 1.670ns
   Maximum output required time after clock: 6.141ns
   Maximum combinational path delay: No path found

Timing Detail:
--------------
All values displayed in nanoseconds (ns)

=========================================================================
Timing constraint: Default OFFSET IN BEFORE for Clock 'Out4_cmp_eq0000'
  Total number of paths / destination ports: 8 / 8
-------------------------------------------------------------------------
Offset:              1.670ns (Levels of Logic = 1)
  Source:            A<0> (PAD)
  Destination:       Out4_0 (LATCH)
  Destination Clock: Out4_cmp_eq0000 falling

  Data Path: A<0> to Out4_0
                                Gate     Net
    Cell:in->out      fanout   Delay   Delay  Logical Name (Net Name)
    ----------------------------------------  ------------
     IBUF:I->O             4   0.715   0.779  A_0_IBUF (A_0_IBUF)
     LD:D                      0.176          Out4_0
    ----------------------------------------
    Total                      1.670ns (0.891ns logic, 0.779ns route)
                                       (53.3% logic, 46.7% route)

=========================================================================
Timing constraint: Default OFFSET IN BEFORE for Clock 'Out3_cmp_eq0000'
  Total number of paths / destination ports: 8 / 8
-------------------------------------------------------------------------
Offset:              1.670ns (Levels of Logic = 1)
  Source:            A<0> (PAD)
  Destination:       Out3_0 (LATCH)
  Destination Clock: Out3_cmp_eq0000 falling

  Data Path: A<0> to Out3_0
                                Gate     Net
    Cell:in->out      fanout   Delay   Delay  Logical Name (Net Name)
    ----------------------------------------  ------------
     IBUF:I->O             4   0.715   0.779  A_0_IBUF (A_0_IBUF)
     LD:D                      0.176          Out3_0
    ----------------------------------------
    Total                      1.670ns (0.891ns logic, 0.779ns route)
                                       (53.3% logic, 46.7% route)

=========================================================================
Timing constraint: Default OFFSET IN BEFORE for Clock 'Out2_cmp_eq0000'
  Total number of paths / destination ports: 8 / 8
-------------------------------------------------------------------------
Offset:              1.670ns (Levels of Logic = 1)
  Source:            A<0> (PAD)
  Destination:       Out2_0 (LATCH)
  Destination Clock: Out2_cmp_eq0000 falling

  Data Path: A<0> to Out2_0
                                Gate     Net
    Cell:in->out      fanout   Delay   Delay  Logical Name (Net Name)
    ----------------------------------------  ------------
     IBUF:I->O             4   0.715   0.779  A_0_IBUF (A_0_IBUF)
     LD:D                      0.176          Out2_0
    ----------------------------------------
    Total                      1.670ns (0.891ns logic, 0.779ns route)
                                       (53.3% logic, 46.7% route)

=========================================================================
Timing constraint: Default OFFSET IN BEFORE for Clock 'Out1_not0001'
  Total number of paths / destination ports: 8 / 8
-------------------------------------------------------------------------
Offset:              1.670ns (Levels of Logic = 1)
  Source:            A<0> (PAD)
  Destination:       Out1_0 (LATCH)
  Destination Clock: Out1_not0001 falling

  Data Path: A<0> to Out1_0
                                Gate     Net
    Cell:in->out      fanout   Delay   Delay  Logical Name (Net Name)
    ----------------------------------------  ------------
     IBUF:I->O             4   0.715   0.779  A_0_IBUF (A_0_IBUF)
     LD:D                      0.176          Out1_0
    ----------------------------------------
    Total                      1.670ns (0.891ns logic, 0.779ns route)
                                       (53.3% logic, 46.7% route)

=========================================================================
Timing constraint: Default OFFSET OUT AFTER for Clock 'Out1_not0001'
  Total number of paths / destination ports: 8 / 8
-------------------------------------------------------------------------
Offset:              6.141ns (Levels of Logic = 1)
  Source:            Out1_7 (LATCH)
  Destination:       Out1<7> (PAD)
  Source Clock:      Out1_not0001 falling

  Data Path: Out1_7 to Out1<7>
                                Gate     Net
    Cell:in->out      fanout   Delay   Delay  Logical Name (Net Name)
    ----------------------------------------  ------------
     LD:G->Q               1   0.551   0.681  Out1_7 (Out1_7)
     OBUF:I->O                 4.909          Out1_7_OBUF (Out1<7>)
    ----------------------------------------
    Total                      6.141ns (5.460ns logic, 0.681ns route)
                                       (88.9% logic, 11.1% route)

=========================================================================
Timing constraint: Default OFFSET OUT AFTER for Clock 'Out2_cmp_eq0000'
  Total number of paths / destination ports: 8 / 8
-------------------------------------------------------------------------
Offset:              6.141ns (Levels of Logic = 1)
  Source:            Out2_7 (LATCH)
  Destination:       Out2<7> (PAD)
  Source Clock:      Out2_cmp_eq0000 falling

  Data Path: Out2_7 to Out2<7>
                                Gate     Net
    Cell:in->out      fanout   Delay   Delay  Logical Name (Net Name)
    ----------------------------------------  ------------
     LD:G->Q               1   0.551   0.681  Out2_7 (Out2_7)
     OBUF:I->O                 4.909          Out2_7_OBUF (Out2<7>)
    ----------------------------------------
    Total                      6.141ns (5.460ns logic, 0.681ns route)
                                       (88.9% logic, 11.1% route)

=========================================================================
Timing constraint: Default OFFSET OUT AFTER for Clock 'Out3_cmp_eq0000'
  Total number of paths / destination ports: 8 / 8
-------------------------------------------------------------------------
Offset:              6.141ns (Levels of Logic = 1)
  Source:            Out3_7 (LATCH)
  Destination:       Out3<7> (PAD)
  Source Clock:      Out3_cmp_eq0000 falling

  Data Path: Out3_7 to Out3<7>
                                Gate     Net
    Cell:in->out      fanout   Delay   Delay  Logical Name (Net Name)
    ----------------------------------------  ------------
     LD:G->Q               1   0.551   0.681  Out3_7 (Out3_7)
     OBUF:I->O                 4.909          Out3_7_OBUF (Out3<7>)
    ----------------------------------------
    Total                      6.141ns (5.460ns logic, 0.681ns route)
                                       (88.9% logic, 11.1% route)

=========================================================================
Timing constraint: Default OFFSET OUT AFTER for Clock 'Out4_cmp_eq0000'
  Total number of paths / destination ports: 8 / 8
-------------------------------------------------------------------------
Offset:              6.141ns (Levels of Logic = 1)
  Source:            Out4_7 (LATCH)
  Destination:       Out4<7> (PAD)
  Source Clock:      Out4_cmp_eq0000 falling

  Data Path: Out4_7 to Out4<7>
                                Gate     Net
    Cell:in->out      fanout   Delay   Delay  Logical Name (Net Name)
    ----------------------------------------  ------------
     LD:G->Q               1   0.551   0.681  Out4_7 (Out4_7)
     OBUF:I->O                 4.909          Out4_7_OBUF (Out4<7>)
    ----------------------------------------
    Total                      6.141ns (5.460ns logic, 0.681ns route)
                                       (88.9% logic, 11.1% route)

=========================================================================


Total REAL time to Xst completion: 5.00 secs
Total CPU time to Xst completion: 4.45 secs
 
--> 

Total memory usage is 290112 kilobytes

Number of errors   :    0 (   0 filtered)
Number of warnings :    4 (   0 filtered)
Number of infos    :    1 (   0 filtered)

